#
# There is insufficient memory for the Java Runtime Environment to continue.
# Native memory allocation (mmap) failed to map 134217728 bytes for G1 virtual space
# Possible reasons:
#   The system is out of physical RAM or swap space
#   The process is running with CompressedOops enabled, and the Java Heap may be blocking the growth of the native heap
# Possible solutions:
#   Reduce memory load on the system
#   Increase physical memory or swap space
#   Check if swap backing store is full
#   Decrease Java heap size (-Xmx/-Xms)
#   Decrease number of Java threads
#   Decrease Java thread stack sizes (-Xss)
#   Set larger code cache with -XX:ReservedCodeCacheSize=
#   JVM is running with Unscaled Compressed Oops mode in which the Java heap is
#     placed in the first 4GB address space. The Java Heap base address is the
#     maximum limit for the native heap growth. Please use -XX:HeapBaseMinAddress
#     to set the Java Heap base and to place the Java Heap above 4GB virtual address.
# This output file may be truncated or incomplete.
#
#  Out of Memory Error (os_windows.cpp:3760), pid=17688, tid=21432
#
# JRE version:  (17.0.5+1) (build )
# Java VM: OpenJDK 64-Bit Server VM (17.0.5+1-b653.23, mixed mode, sharing, tiered, compressed oops, compressed class ptrs, g1 gc, windows-amd64)
# No core dump will be written. Minidumps are not enabled by default on client versions of Windows
#

---------------  S U M M A R Y ------------

Command Line: git4idea.http.GitAskPassApp Username for 'https://github.com': 

Host: Intel(R) Core(TM) i7-4600U CPU @ 2.10GHz, 4 cores, 7G,  Windows 10 , 64 bit Build 19041 (10.0.19041.4597)
Time: Mon Aug 26 01:23:59 2024 Morocco Daylight Time elapsed time: 0.082847 seconds (0d 0h 0m 0s)

---------------  T H R E A D  ---------------

Current thread (0x000001a515334a20):  JavaThread "Unknown thread" [_thread_in_vm, id=21432, stack(0x0000008442000000,0x0000008442100000)]

Stack: [0x0000008442000000,0x0000008442100000]
Native frames: (J=compiled Java code, j=interpreted, Vv=VM code, C=native code)
V  [jvm.dll+0x6830ca]
V  [jvm.dll+0x83f4c4]
V  [jvm.dll+0x840c6e]
V  [jvm.dll+0x8412d3]
V  [jvm.dll+0x2490b5]
V  [jvm.dll+0x67ff99]
V  [jvm.dll+0x6744aa]
V  [jvm.dll+0x308f2b]
V  [jvm.dll+0x3103e6]
V  [jvm.dll+0x36013e]
V  [jvm.dll+0x36036f]
V  [jvm.dll+0x2df018]
V  [jvm.dll+0x2dff84]
V  [jvm.dll+0x810d91]
V  [jvm.dll+0x36df31]
V  [jvm.dll+0x7f028c]
V  [jvm.dll+0x3f0cbf]
V  [jvm.dll+0x3f2801]
C  [jli.dll+0x526b]
C  [ucrtbase.dll+0x21bb2]
C  [KERNEL32.DLL+0x17374]
C  [ntdll.dll+0x4cc91]


---------------  P R O C E S S  ---------------

Threads class SMR info:
_java_thread_list=0x00007ffbb3d88f98, length=0, elements={
}

Java Threads: ( => current thread )

Other Threads:
  0x000001a51538e630 GCTaskThread "GC Thread#0" [stack: 0x0000008442100000,0x0000008442200000] [id=2752]
  0x000001a51539f270 ConcurrentGCThread "G1 Main Marker" [stack: 0x0000008442200000,0x0000008442300000] [id=22508]
  0x000001a51539fc80 ConcurrentGCThread "G1 Conc#0" [stack: 0x0000008442300000,0x0000008442400000] [id=5036]

[error occurred during error reporting (printing all threads), id 0xc0000005, EXCEPTION_ACCESS_VIOLATION (0xc0000005) at pc=0x00007ffbb353fbd7]

VM state: not at safepoint (not fully initialized)

VM Mutex/Monitor currently owned by a thread:  ([mutex/lock_event])
[0x000001a51532fc50] Heap_lock - owner thread: 0x000001a515334a20

Heap address: 0x0000000081800000, size: 2024 MB, Compressed Oops mode: 32-bit

CDS archive(s) mapped at: [0x0000000000000000-0x0000000000000000-0x0000000000000000), size 0, SharedBaseAddress: 0x0000000800000000, ArchiveRelocationMode: 0.
Narrow klass base: 0x0000000000000000, Narrow klass shift: 0, Narrow klass range: 0x0

GC Precious Log:
<Empty>

Heap:
 garbage-first heap   total 0K, used 0K [0x0000000081800000, 0x0000000100000000)
  region size 1024K, 0 young (0K), 0 survivors (0K)

[error occurred during error reporting (printing heap information), id 0xc0000005, EXCEPTION_ACCESS_VIOLATION (0xc0000005) at pc=0x00007ffbb392cd59]

GC Heap History (0 events):
No events

Dll operation events (1 events):
Event: 0.044 Loaded shared library C:\Program Files\JetBrains\IntelliJ IDEA Community Edition 2022.3.1\jbr\bin\java.dll

Deoptimization events (0 events):
No events

Classes unloaded (0 events):
No events

Classes redefined (0 events):
No events

Internal exceptions (0 events):
No events

VM Operations (0 events):
No events

Events (0 events):
No events


Dynamic libraries:
0x00007ff7fb9a0000 - 0x00007ff7fb9aa000 	C:\Program Files\JetBrains\IntelliJ IDEA Community Edition 2022.3.1\jbr\bin\java.exe
0x00007ffbffcf0000 - 0x00007ffbffee8000 	C:\Windows\SYSTEM32\ntdll.dll
0x00007ffbfe620000 - 0x00007ffbfe6e1000 	C:\Windows\System32\KERNEL32.DLL
0x00007ffbfd920000 - 0x00007ffbfdc16000 	C:\Windows\System32\KERNELBASE.dll
0x00007ffbfdc20000 - 0x00007ffbfdd20000 	C:\Windows\System32\ucrtbase.dll
0x00007ffbf69b0000 - 0x00007ffbf69c7000 	C:\Program Files\JetBrains\IntelliJ IDEA Community Edition 2022.3.1\jbr\bin\jli.dll
0x00007ffbff930000 - 0x00007ffbffacf000 	C:\Windows\System32\USER32.dll
0x00007ffbfd530000 - 0x00007ffbfd552000 	C:\Windows\System32\win32u.dll
0x00007ffbfe100000 - 0x00007ffbfe12b000 	C:\Windows\System32\GDI32.dll
0x00007ffbfd410000 - 0x00007ffbfd527000 	C:\Windows\System32\gdi32full.dll
0x00007ffbfd6f0000 - 0x00007ffbfd78d000 	C:\Windows\System32\msvcp_win.dll
0x00007ffbdbbd0000 - 0x00007ffbdbe6a000 	C:\Windows\WinSxS\amd64_microsoft.windows.common-controls_6595b64144ccf1df_6.0.19041.4355_none_60b8b9eb71f62e16\COMCTL32.dll
0x00007ffbd8eb0000 - 0x00007ffbd8ecb000 	C:\Program Files\JetBrains\IntelliJ IDEA Community Edition 2022.3.1\jbr\bin\VCRUNTIME140.dll
0x00007ffbffad0000 - 0x00007ffbffb6e000 	C:\Windows\System32\msvcrt.dll
0x00007ffbfee60000 - 0x00007ffbfee8f000 	C:\Windows\System32\IMM32.DLL
0x00007ffbf5710000 - 0x00007ffbf571c000 	C:\Program Files\JetBrains\IntelliJ IDEA Community Edition 2022.3.1\jbr\bin\vcruntime140_1.dll
0x00007ffbc7a80000 - 0x00007ffbc7b0d000 	C:\Program Files\JetBrains\IntelliJ IDEA Community Edition 2022.3.1\jbr\bin\msvcp140.dll
0x00007ffbb3250000 - 0x00007ffbb3ebb000 	C:\Program Files\JetBrains\IntelliJ IDEA Community Edition 2022.3.1\jbr\bin\server\jvm.dll
0x00007ffbfe130000 - 0x00007ffbfe1e0000 	C:\Windows\System32\ADVAPI32.dll
0x00007ffbff270000 - 0x00007ffbff310000 	C:\Windows\System32\sechost.dll
0x00007ffbfe360000 - 0x00007ffbfe483000 	C:\Windows\System32\RPCRT4.dll
0x00007ffbfd790000 - 0x00007ffbfd7b7000 	C:\Windows\System32\bcrypt.dll
0x00007ffbe6b80000 - 0x00007ffbe6b89000 	C:\Windows\SYSTEM32\WSOCK32.dll
0x00007ffbfe5b0000 - 0x00007ffbfe61b000 	C:\Windows\System32\WS2_32.dll
0x00007ffbdb9e0000 - 0x00007ffbdba07000 	C:\Windows\SYSTEM32\WINMM.dll
0x00007ffbf5470000 - 0x00007ffbf547a000 	C:\Windows\SYSTEM32\VERSION.dll
0x00007ffbfbbb0000 - 0x00007ffbfbbc2000 	C:\Windows\SYSTEM32\kernel.appcore.dll
0x00007ffbf9c60000 - 0x00007ffbf9c6a000 	C:\Program Files\JetBrains\IntelliJ IDEA Community Edition 2022.3.1\jbr\bin\jimage.dll
0x00007ffbe8d30000 - 0x00007ffbe8f14000 	C:\Windows\SYSTEM32\DBGHELP.DLL
0x00007ffbe8a60000 - 0x00007ffbe8a94000 	C:\Windows\SYSTEM32\dbgcore.DLL
0x00007ffbfd560000 - 0x00007ffbfd5e2000 	C:\Windows\System32\bcryptPrimitives.dll
0x00007ffbf60e0000 - 0x00007ffbf6105000 	C:\Program Files\JetBrains\IntelliJ IDEA Community Edition 2022.3.1\jbr\bin\java.dll

dbghelp: loaded successfully - version: 4.0.5 - missing functions: none
symbol engine: initialized successfully - sym options: 0x614 - pdb path: .;C:\Program Files\JetBrains\IntelliJ IDEA Community Edition 2022.3.1\jbr\bin;C:\Windows\SYSTEM32;C:\Windows\WinSxS\amd64_microsoft.windows.common-controls_6595b64144ccf1df_6.0.19041.4355_none_60b8b9eb71f62e16;C:\Program Files\JetBrains\IntelliJ IDEA Community Edition 2022.3.1\jbr\bin\server

VM Arguments:
java_command: git4idea.http.GitAskPassApp Username for 'https://github.com': 
java_class_path (initial): C:/Program Files/JetBrains/IntelliJ IDEA Community Edition 2022.3.1/plugins/vcs-git/lib/git4idea-rt.jar;C:/Program Files/JetBrains/IntelliJ IDEA Community Edition 2022.3.1/lib/externalProcess-rt.jar;C:/Program Files/JetBrains/IntelliJ IDEA Community Edition 2022.3.1/lib/app.jar;C:/Program Files/JetBrains/IntelliJ IDEA Community Edition 2022.3.1/lib/3rd-party-rt.jar
Launcher Type: SUN_STANDARD

[Global flags]
     intx CICompilerCount                          = 3                                         {product} {ergonomic}
     uint ConcGCThreads                            = 1                                         {product} {ergonomic}
     uint G1ConcRefinementThreads                  = 4                                         {product} {ergonomic}
   size_t G1HeapRegionSize                         = 1048576                                   {product} {ergonomic}
    uintx GCDrainStackTargetSize                   = 64                                        {product} {ergonomic}
   size_t InitialHeapSize                          = 134217728                                 {product} {ergonomic}
   size_t MarkStackSize                            = 4194304                                   {product} {ergonomic}
   size_t MaxHeapSize                              = 2122317824                                {product} {ergonomic}
   size_t MinHeapDeltaBytes                        = 1048576                                   {product} {ergonomic}
   size_t MinHeapSize                              = 8388608                                   {product} {ergonomic}
    uintx NonNMethodCodeHeapSize                   = 5832780                                {pd product} {ergonomic}
    uintx NonProfiledCodeHeapSize                  = 122912730                              {pd product} {ergonomic}
    uintx ProfiledCodeHeapSize                     = 122912730                              {pd product} {ergonomic}
    uintx ReservedCodeCacheSize                    = 251658240                              {pd product} {ergonomic}
     bool SegmentedCodeCache                       = true                                      {product} {ergonomic}
   size_t SoftMaxHeapSize                          = 2122317824                             {manageable} {ergonomic}
     bool UseCompressedClassPointers               = true                           {product lp64_product} {ergonomic}
     bool UseCompressedOops                        = true                           {product lp64_product} {ergonomic}
     bool UseG1GC                                  = true                                      {product} {ergonomic}
     bool UseLargePagesIndividualAllocation        = false                                  {pd product} {ergonomic}

Logging:
Log output configuration:
 #0: stdout all=warning uptime,level,tags
 #1: stderr all=off uptime,level,tags

Environment Variables:
PATH=C:\Program Files\Git\mingw64\libexec\git-core;C:\Program Files\Git\mingw64\libexec\git-core;C:\Program Files\Git\mingw64\bin;C:\Program Files\Git\usr\bin;C:\Users\HPr\bin;C:\gurobi1102\win64\bin;C:\app\HPr\product\18.0.0\dbhomeXE\bin;C:\Windows\system32;C:\Windows;C:\Windows\System32\Wbem;C:\Windows\System32\WindowsPowerShell\v1.0;C:\Windows\System32\OpenSSH;C:\Program Files\MATLAB\MATLAB Runtime\v911\runtime\win64;C:\Program Files\Microsoft SQL Server\150\Tools\Binn;C:\Program Files\Microsoft SQL Server\120\Tools\Binn;C:\Program Files\Git\cmd;C:\Program Files\nodejs;C:\Users\HPr\AppData\Local\Programs\Python\Python312\Scripts;C:\Users\HPr\AppData\Local\Programs\Python\Python312;C:\Program Files\MySQL\MySQL Shell 8.0\bin;C:\Users\HPr\AppData\Local\Microsoft\WindowsApps;C:\Program Files\CodeBlocks\MinGW\bin;C:\Program Files\JetBrains\IntelliJ IDEA Community Edition 2022.3.1\bin;C:\Program Files\JetBrains\PyCharm 2023.2\bin;C:\Users\HPr\AppData\Local\Programs\Microsoft VS Code\bin;C:\Users\HPr\AppData\Roaming\npm
USERNAME=HPr
DISPLAY=:0.0
LC_ALL=en_US.UTF-8
TERM=xterm-256color
TMPDIR=C:\Users\HPr\AppData\Local\Temp
OS=Windows_NT
PROCESSOR_IDENTIFIER=Intel64 Family 6 Model 69 Stepping 1, GenuineIntel
TMP=C:\Users\HPr\AppData\Local\Temp
TEMP=C:\Users\HPr\AppData\Local\Temp



---------------  S Y S T E M  ---------------

OS:
 Windows 10 , 64 bit Build 19041 (10.0.19041.4597)
OS uptime: 20 days 18:19 hours

CPU: total 4 (initial active 4) (2 cores per cpu, 2 threads per core) family 6 model 69 stepping 1 microcode 0x26, cx8, cmov, fxsr, ht, mmx, sse, sse2, sse3, ssse3, sse4.1, sse4.2, popcnt, lzcnt, tsc, tscinvbit, avx, avx2, aes, erms, clmul, bmi1, bmi2, fma, vzeroupper, clflush

Memory: 4k page, system-wide physical 8089M (267M free)
TotalPageFile size 23023M (AvailPageFile size 124M)
current process WorkingSet (physical memory assigned to process): 10M, peak: 10M
current process commit charge ("private bytes"): 51M, peak: 179M

vm_info: OpenJDK 64-Bit Server VM (17.0.5+1-b653.23) for windows-amd64 JRE (17.0.5+1-b653.23), built on 2022-12-12 by "builduser" with MS VC++ 16.10 / 16.11 (VS2019)

END.
